Flutter crash report; please file at https://github.com/flutter/flutter/issues.

## command

flutter build bundle --target C:\Users\HP\Desktop\PROJETMOBILE\mobapp\elearning\lib\main.dart --target-platform android-arm64 --filesystem-scheme org-dartlang-root --track-widget-creation --depfile C:\Users\HP\Desktop\PROJETMOBILE\mobapp\elearning\build\app\intermediates\flutter\debug\android-arm64/snapshot_blob.bin.d --asset-dir C:\Users\HP\Desktop\PROJETMOBILE\mobapp\elearning\build\app\intermediates\flutter\debug\android-arm64/flutter_assets --debug

## exception

FileSystemException: FileSystemException: Deletion failed, path = 'C:\Users\HP\Desktop\PROJETMOBILE\mobapp\elearning\build\app\intermediates\flutter\debug\android-arm64/flutter_assets' (OS Error: The directory is not empty.
, errno = 145)

```
#0      _Directory._deleteSync (dart:io/directory_impl.dart:206:7)
#1      FileSystemEntity.deleteSync (dart:io/file_system_entity.dart:466:47)
#2      ForwardingFileSystemEntity.deleteSync (package:file/src/forwarding/forwarding_file_system_entity.dart:72:16)
#3      writeBundle (package:flutter_tools/src/bundle.dart:180:15)
<asynchronous suspension>
#4      assemble (package:flutter_tools/src/bundle.dart:171:9)
<asynchronous suspension>
#5      BundleBuilder.build (package:flutter_tools/src/bundle.dart:114:11)
<asynchronous suspension>
#6      BuildBundleCommand.runCommand (package:flutter_tools/src/commands/build_bundle.dart:116:25)
<asynchronous suspension>
#7      FlutterCommand.verifyThenRunCommand (package:flutter_tools/src/runner/flutter_command.dart:478:18)
<asynchronous suspension>
#8      FlutterCommand.run.<anonymous closure> (package:flutter_tools/src/runner/flutter_command.dart:383:33)
<asynchronous suspension>
#9      AppContext.run.<anonymous closure> (package:flutter_tools/src/base/context.dart:153:29)
<asynchronous suspension>
#10     _rootRun (dart:async/zone.dart:1124:13)
#11     _CustomZone.run (dart:async/zone.dart:1021:19)
#12     _runZoned (dart:async/zone.dart:1516:10)
#13     runZoned (dart:async/zone.dart:1463:12)
#14     AppContext.run (package:flutter_tools/src/base/context.dart:152:18)
<asynchronous suspension>
#15     FlutterCommand.run (package:flutter_tools/src/runner/flutter_command.dart:375:20)
#16     CommandRunner.runCommand (package:args/command_runner.dart:197:27)
<asynchronous suspension>
#17     FlutterCommandRunner.runCommand.<anonymous closure> (package:flutter_tools/src/runner/flutter_command_runner.dart:396:21)
<asynchronous suspension>
#18     AppContext.run.<anonymous closure> (package:flutter_tools/src/base/context.dart:153:29)
<asynchronous suspension>
#19     _rootRun (dart:async/zone.dart:1124:13)
#20     _CustomZone.run (dart:async/zone.dart:1021:19)
#21     _runZoned (dart:async/zone.dart:1516:10)
#22     runZoned (dart:async/zone.dart:1463:12)
#23     AppContext.run (package:flutter_tools/src/base/context.dart:152:18)
<asynchronous suspension>
#24     FlutterCommandRunner.runCommand (package:flutter_tools/src/runner/flutter_command_runner.dart:356:19)
<asynchronous suspension>
#25     CommandRunner.run.<anonymous closure> (package:args/command_runner.dart:112:25)
#26     new Future.sync (dart:async/future.dart:224:31)
#27     CommandRunner.run (package:args/command_runner.dart:112:14)
#28     FlutterCommandRunner.run (package:flutter_tools/src/runner/flutter_command_runner.dart:242:18)
#29     run.<anonymous closure>.<anonymous closure> (package:flutter_tools/runner.dart:62:22)
<asynchronous suspension>
#30     _rootRun (dart:async/zone.dart:1124:13)
#31     _CustomZone.run (dart:async/zone.dart:1021:19)
#32     _runZoned (dart:async/zone.dart:1516:10)
#33     runZoned (dart:async/zone.dart:1500:12)
#34     run.<anonymous closure> (package:flutter_tools/runner.dart:60:18)
<asynchronous suspension>
#35     AppContext.run.<anonymous closure> (package:flutter_tools/src/base/context.dart:153:29)
<asynchronous suspension>
#36     _rootRun (dart:async/zone.dart:1124:13)
#37     _CustomZone.run (dart:async/zone.dart:1021:19)
#38     _runZoned (dart:async/zone.dart:1516:10)
#39     runZoned (dart:async/zone.dart:1463:12)
#40     AppContext.run (package:flutter_tools/src/base/context.dart:152:18)
<asynchronous suspension>
#41     runInContext (package:flutter_tools/src/context_runner.dart:56:24)
<asynchronous suspension>
#42     run (package:flutter_tools/runner.dart:51:10)
#43     main (package:flutter_tools/executable.dart:62:9)
<asynchronous suspension>
#44     main (file:///E:/Flutter/flutter/packages/flutter_tools/bin/flutter_tools.dart:8:3)
#45     _startIsolate.<anonymous closure> (dart:isolate-patch/isolate_patch.dart:299:32)
#46     _RawReceivePortImpl._handleMessage (dart:isolate-patch/isolate_patch.dart:172:12)
```

## flutter doctor

```
[✓] Flutter (Channel stable, v1.7.8+hotfix.4, on Microsoft Windows [Version 10.0.15063], locale en-UG)
    • Flutter version 1.7.8+hotfix.4 at D:\Flutter\flutter
    • Framework revision 20e59316b8 (8 weeks ago), 2019-07-18 20:04:33 -0700
    • Engine revision fee001c93f
    • Dart version 2.4.0

[✓] Android toolchain - develop for Android devices (Android SDK version 29.0.2)
    • Android SDK at C:\Users\HP\AppData\Local\Android\sdk
    • Android NDK location not configured (optional; useful for native profiling support)
    • Platform android-29, build-tools 29.0.2
    • Java binary at: C:\Program Files\Android\Android Studio\jre\bin\java
    • Java version OpenJDK Runtime Environment (build 1.8.0_202-release-1483-b03)
    • All Android licenses accepted.

[✓] Android Studio (version 3.5)
    • Android Studio at C:\Program Files\Android\Android Studio
    • Flutter plugin version 39.0.3
    • Dart plugin version 191.8423
    • Java version OpenJDK Runtime Environment (build 1.8.0_202-release-1483-b03)

[✓] VS Code (version 1.38.1)
    • VS Code at C:\Users\HP\AppData\Local\Programs\Microsoft VS Code
    • Flutter extension version 3.4.1

[✓] Connected device (1 available)
    • TECNO CF7k • 041872594C002079 • android-arm64 • Android 8.1.0 (API 27)

• No issues found!
```
